\BOOKMARK [1][-]{section.1}{\376\377\000P\000h\036\241\000m\000\040\000v\000i}{}% 1
\BOOKMARK [1][-]{section.2}{\376\377\000G\000i\000a\000o\000\040\000d\000i\036\307\000n\000\040\000h\000a\000i\000\040\000h\000\340\000m\000\040\000t\000\355\000n\000h\000\040\000t\000o\000\341\000n}{}% 2
\BOOKMARK [2][-]{subsection.2.1}{\376\377\000M\000a\000i\000n\000\040\000r\000o\000t\000o\000r}{section.2}% 3
\BOOKMARK [2][-]{subsection.2.2}{\376\377\000T\000a\000i\000l\000\040\000r\000o\000t\000o\000r}{section.2}% 4
\BOOKMARK [1][-]{section.3}{\376\377\000P\000h\036\247\000n\000\040\000c\000h\000u\000n\000g\000:\000\040\000c\000\341\000c\000h\000\040\000m\000\343\000\040\000C\000\040\000t\000\355\000n\000h\000\040\000C\000T\000\040\000v\000\340\000\040\000C\000Q}{}% 5
\BOOKMARK [2][-]{subsection.3.1}{\376\377\000P\000i\000t\000c\000h\000\040\000h\000i\036\307\000u\000\040\000d\036\345\000n\000g\000\040\000v\000\340\000\040\000s\000o\000l\000i\000d\000i\000t\000y}{section.3}% 6
\BOOKMARK [2][-]{subsection.3.2}{\376\377\000R\036\335\000i\000\040\000r\036\241\000c\000\040\000b\000\341\000n\000\040\000k\000\355\000n\000h\000\040\000c\000\341\000n\000h}{section.3}% 7
\BOOKMARK [2][-]{subsection.3.3}{\376\377\000P\000h\001\260\001\241\000n\000g\000\040\000t\000r\000\354\000n\000h\000\040\000N\000e\000w\000t\000o\000n\000\040\000t\000r\000o\000n\000g\000\040\000c\000o\000d\000e}{section.3}% 8
\BOOKMARK [2][-]{subsection.3.4}{\376\377\000T\000\355\000c\000h\000\040\000p\000h\000\342\000n\000\040\000h\036\307\000\040\000s\036\321\000\040\000t\000h\000r\000u\000s\000t\000\040\000v\000\340\000\040\000t\000o\000r\000q\000u\000e}{section.3}% 9
\BOOKMARK [2][-]{subsection.3.5}{\376\377\001\020\036\331\000\040\000l\036\333\000n\000\040\000t\000h\000r\000u\000s\000t\000\040\000v\000\340\000\040\000t\000o\000r\000q\000u\000e\000\040\000v\036\255\000t\000\040\000l\000\375}{section.3}% 10
\BOOKMARK [1][-]{section.4}{\376\377\000M\000a\000i\000n\000\040\000R\000o\000t\000o\000r}{}% 11
\BOOKMARK [2][-]{subsection.4.1}{\376\377\000T\000h\000a\000m\000\040\000s\036\321\000\040\000c\036\347\000a\000\040\000m\000a\000i\000n\000\040\000r\000o\000t\000o\000r}{section.4}% 12
\BOOKMARK [2][-]{subsection.4.2}{\376\377\001\020\036\331\000\040\000l\036\333\000n\000\040\000t\000h\000r\000u\000s\000t\000\040\000c\036\347\000a\000\040\000m\000a\000i\000n\000\040\000r\000o\000t\000o\000r}{section.4}% 13
\BOOKMARK [2][-]{subsection.4.3}{\376\377\000H\001\260\036\333\000n\000g\000\040\000c\036\347\000a\000\040\000l\036\361\000c\000\040\000m\000a\000i\000n\000\040\000r\000o\000t\000o\000r}{section.4}% 14
\BOOKMARK [2][-]{subsection.4.4}{\376\377\000M\000o\000m\000e\000n\000t\000\040\000c\036\347\000a\000\040\000m\000a\000i\000n\000\040\000r\000o\000t\000o\000r}{section.4}% 15
\BOOKMARK [1][-]{section.5}{\376\377\000T\000a\000i\000l\000\040\000R\000o\000t\000o\000r}{}% 16
\BOOKMARK [2][-]{subsection.5.1}{\376\377\000T\000h\000a\000m\000\040\000s\036\321\000\040\000c\036\347\000a\000\040\000t\000a\000i\000l\000\040\000r\000o\000t\000o\000r}{section.5}% 17
\BOOKMARK [2][-]{subsection.5.2}{\376\377\001\020\036\331\000\040\000l\036\333\000n\000\040\000t\000h\000r\000u\000s\000t\000\040\000v\000\340\000\040\000t\000o\000r\000q\000u\000e\000\040\000c\036\347\000a\000\040\000t\000a\000i\000l\000\040\000r\000o\000t\000o\000r}{section.5}% 18
\BOOKMARK [2][-]{subsection.5.3}{\376\377\000L\036\361\000c\000\040\000t\000a\000i\000l\000\040\000r\000o\000t\000o\000r\000\040\000t\000r\000o\000n\000g\000\040\000h\036\307\000\040\000c\036\345\000c\000\040\000b\036\331\000\040\000r\000o\000t\000o\000r}{section.5}% 19
\BOOKMARK [2][-]{subsection.5.4}{\376\377\000P\000h\000\351\000p\000\040\000q\000u\000a\000y\000\040\000c\036\321\000\040\001\021\036\313\000n\000h\000\040\000c\036\347\000a\000\040\000t\000a\000i\000l\000\040\000r\000o\000t\000o\000r}{section.5}% 20
\BOOKMARK [2][-]{subsection.5.5}{\376\377\000M\000o\000m\000e\000n\000t\000\040\000c\036\347\000a\000\040\000t\000a\000i\000l\000\040\000r\000o\000t\000o\000r}{section.5}% 21
\BOOKMARK [1][-]{section.6}{\376\377\000S\000o\000\040\000s\000\341\000n\000h\000\040\000n\000g\036\257\000n\000\040\000g\000i\036\357\000a\000\040\000h\000a\000i\000\040\000r\000o\000t\000o\000r}{}% 22
\BOOKMARK [1][-]{section.7}{\376\377\000K\036\277\000t\000\040\000l\000u\036\255\000n}{}% 23
